{"/Users/berat.tetik/MyFiles/dev/udemy/pokemon-app/src/api/index.js": {"path":"/Users/berat.tetik/MyFiles/dev/udemy/pokemon-app/src/api/index.js","statementMap":{},"fnMap":{},"branchMap":{},"s":{},"f":{},"b":{},"_coverageSchema":"1a1c01bbd47fc00a2c39e90264f33305004495a9","hash":"feb6d2140b5517000fd9148fddd34b98d983f354"}
,"/Users/berat.tetik/MyFiles/dev/udemy/pokemon-app/src/components/PokemonImage/PokemonImage.js": {"path":"/Users/berat.tetik/MyFiles/dev/udemy/pokemon-app/src/components/PokemonImage/PokemonImage.js","statementMap":{"0":{"start":{"line":6,"column":21},"end":{"line":22,"column":1}},"1":{"start":{"line":7,"column":17},"end":{"line":9,"column":17}},"2":{"start":{"line":10,"column":2},"end":{"line":21,"column":4}},"3":{"start":{"line":24,"column":0},"end":{"line":27,"column":2}}},"fnMap":{"0":{"name":"(anonymous_0)","decl":{"start":{"line":6,"column":21},"end":{"line":6,"column":22}},"loc":{"start":{"line":6,"column":48},"end":{"line":22,"column":1}},"line":6}},"branchMap":{"0":{"loc":{"start":{"line":7,"column":17},"end":{"line":9,"column":17}},"type":"cond-expr","locations":[{"start":{"line":8,"column":6},"end":{"line":8,"column":53}},{"start":{"line":9,"column":6},"end":{"line":9,"column":17}}],"line":7}},"s":{"0":2,"1":2,"2":2,"3":2},"f":{"0":2},"b":{"0":[0,2]},"_coverageSchema":"1a1c01bbd47fc00a2c39e90264f33305004495a9","hash":"9e45e29838e33e800ab44285a3caf94ecb7e5646"}
,"/Users/berat.tetik/MyFiles/dev/udemy/pokemon-app/src/components/PokemonImageText/PokemonImageText.js": {"path":"/Users/berat.tetik/MyFiles/dev/udemy/pokemon-app/src/components/PokemonImageText/PokemonImageText.js","statementMap":{"0":{"start":{"line":6,"column":25},"end":{"line":8,"column":1}},"1":{"start":{"line":7,"column":2},"end":{"line":7,"column":68}},"2":{"start":{"line":10,"column":0},"end":{"line":12,"column":2}},"3":{"start":{"line":14,"column":0},"end":{"line":16,"column":2}}},"fnMap":{"0":{"name":"(anonymous_0)","decl":{"start":{"line":6,"column":25},"end":{"line":6,"column":26}},"loc":{"start":{"line":6,"column":39},"end":{"line":8,"column":1}},"line":6}},"branchMap":{},"s":{"0":1,"1":0,"2":1,"3":1},"f":{"0":0},"b":{},"_coverageSchema":"1a1c01bbd47fc00a2c39e90264f33305004495a9","hash":"605b120c40277b9b465d32d3ebef2abb0a6320f3"}
,"/Users/berat.tetik/MyFiles/dev/udemy/pokemon-app/src/components/PokemonItem/PokemonItem.js": {"path":"/Users/berat.tetik/MyFiles/dev/udemy/pokemon-app/src/components/PokemonItem/PokemonItem.js","statementMap":{"0":{"start":{"line":9,"column":20},"end":{"line":22,"column":1}},"1":{"start":{"line":10,"column":22},"end":{"line":10,"column":76}},"2":{"start":{"line":10,"column":43},"end":{"line":10,"column":75}},"3":{"start":{"line":12,"column":2},"end":{"line":21,"column":4}},"4":{"start":{"line":24,"column":0},"end":{"line":26,"column":2}},"5":{"start":{"line":28,"column":0},"end":{"line":30,"column":2}}},"fnMap":{"0":{"name":"(anonymous_0)","decl":{"start":{"line":9,"column":20},"end":{"line":9,"column":21}},"loc":{"start":{"line":9,"column":34},"end":{"line":22,"column":1}},"line":9},"1":{"name":"(anonymous_1)","decl":{"start":{"line":10,"column":34},"end":{"line":10,"column":35}},"loc":{"start":{"line":10,"column":43},"end":{"line":10,"column":75}},"line":10}},"branchMap":{},"s":{"0":1,"1":0,"2":0,"3":0,"4":1,"5":1},"f":{"0":0,"1":0},"b":{},"_coverageSchema":"1a1c01bbd47fc00a2c39e90264f33305004495a9","hash":"154aade4585625d996b50a12b25b8a738ccbc5dc"}
,"/Users/berat.tetik/MyFiles/dev/udemy/pokemon-app/src/components/PokemonItemList/PokemonItemList.js": {"path":"/Users/berat.tetik/MyFiles/dev/udemy/pokemon-app/src/components/PokemonItemList/PokemonItemList.js","statementMap":{"0":{"start":{"line":9,"column":24},"end":{"line":36,"column":1}},"1":{"start":{"line":10,"column":19},"end":{"line":12,"column":3}},"2":{"start":{"line":11,"column":4},"end":{"line":11,"column":46}},"3":{"start":{"line":14,"column":27},"end":{"line":16,"column":3}},"4":{"start":{"line":15,"column":4},"end":{"line":15,"column":54}},"5":{"start":{"line":18,"column":2},"end":{"line":35,"column":4}},"6":{"start":{"line":28,"column":12},"end":{"line":28,"column":63}},"7":{"start":{"line":38,"column":0},"end":{"line":40,"column":2}},"8":{"start":{"line":42,"column":0},"end":{"line":44,"column":2}}},"fnMap":{"0":{"name":"(anonymous_0)","decl":{"start":{"line":9,"column":24},"end":{"line":9,"column":25}},"loc":{"start":{"line":9,"column":30},"end":{"line":36,"column":1}},"line":9},"1":{"name":"(anonymous_1)","decl":{"start":{"line":10,"column":31},"end":{"line":10,"column":32}},"loc":{"start":{"line":11,"column":4},"end":{"line":11,"column":46}},"line":11},"2":{"name":"(anonymous_2)","decl":{"start":{"line":14,"column":39},"end":{"line":14,"column":40}},"loc":{"start":{"line":15,"column":4},"end":{"line":15,"column":54}},"line":15},"3":{"name":"(anonymous_3)","decl":{"start":{"line":27,"column":31},"end":{"line":27,"column":32}},"loc":{"start":{"line":28,"column":12},"end":{"line":28,"column":63}},"line":28}},"branchMap":{"0":{"loc":{"start":{"line":23,"column":10},"end":{"line":23,"column":61}},"type":"cond-expr","locations":[{"start":{"line":23,"column":42},"end":{"line":23,"column":56}},{"start":{"line":23,"column":59},"end":{"line":23,"column":61}}],"line":23},"1":{"loc":{"start":{"line":26,"column":9},"end":{"line":32,"column":9}},"type":"cond-expr","locations":[{"start":{"line":27,"column":10},"end":{"line":29,"column":12}},{"start":{"line":31,"column":10},"end":{"line":31,"column":39}}],"line":26}},"s":{"0":1,"1":1,"2":0,"3":0,"4":0,"5":0,"6":0,"7":1,"8":1},"f":{"0":1,"1":0,"2":0,"3":0},"b":{"0":[0,0],"1":[0,0]},"_coverageSchema":"1a1c01bbd47fc00a2c39e90264f33305004495a9","hash":"2eebd3ce1bf267a742432877a55a7e3f6adfc1e5"}
,"/Users/berat.tetik/MyFiles/dev/udemy/pokemon-app/src/components/SearchPokemon/SearchPokemon.js": {"path":"/Users/berat.tetik/MyFiles/dev/udemy/pokemon-app/src/components/SearchPokemon/SearchPokemon.js","statementMap":{"0":{"start":{"line":7,"column":22},"end":{"line":25,"column":1}},"1":{"start":{"line":8,"column":19},"end":{"line":8,"column":32}},"2":{"start":{"line":10,"column":24},"end":{"line":12,"column":3}},"3":{"start":{"line":11,"column":4},"end":{"line":11,"column":53}},"4":{"start":{"line":14,"column":2},"end":{"line":24,"column":4}},"5":{"start":{"line":21,"column":23},"end":{"line":21,"column":52}},"6":{"start":{"line":27,"column":0},"end":{"line":32,"column":2}},"7":{"start":{"line":34,"column":0},"end":{"line":39,"column":2}}},"fnMap":{"0":{"name":"(anonymous_0)","decl":{"start":{"line":7,"column":22},"end":{"line":7,"column":23}},"loc":{"start":{"line":7,"column":59},"end":{"line":25,"column":1}},"line":7},"1":{"name":"(anonymous_1)","decl":{"start":{"line":10,"column":24},"end":{"line":10,"column":25}},"loc":{"start":{"line":10,"column":31},"end":{"line":12,"column":3}},"line":10},"2":{"name":"(anonymous_2)","decl":{"start":{"line":21,"column":18},"end":{"line":21,"column":19}},"loc":{"start":{"line":21,"column":23},"end":{"line":21,"column":52}},"line":21},"3":{"name":"(anonymous_3)","decl":{"start":{"line":38,"column":17},"end":{"line":38,"column":18}},"loc":{"start":{"line":38,"column":23},"end":{"line":38,"column":25}},"line":38}},"branchMap":{"0":{"loc":{"start":{"line":17,"column":39},"end":{"line":17,"column":71}},"type":"cond-expr","locations":[{"start":{"line":17,"column":50},"end":{"line":17,"column":66}},{"start":{"line":17,"column":69},"end":{"line":17,"column":71}}],"line":17}},"s":{"0":1,"1":0,"2":0,"3":0,"4":0,"5":0,"6":1,"7":1},"f":{"0":0,"1":0,"2":0,"3":0},"b":{"0":[0,0]},"_coverageSchema":"1a1c01bbd47fc00a2c39e90264f33305004495a9","hash":"020f47a8c2d8fded67762300a1e9dcc2719a7a60"}
,"/Users/berat.tetik/MyFiles/dev/udemy/pokemon-app/src/helper/helper.js": {"path":"/Users/berat.tetik/MyFiles/dev/udemy/pokemon-app/src/helper/helper.js","statementMap":{"0":{"start":{"line":5,"column":36},"end":{"line":6,"column":51}},"1":{"start":{"line":6,"column":2},"end":{"line":6,"column":51}},"2":{"start":{"line":6,"column":31},"end":{"line":6,"column":50}},"3":{"start":{"line":12,"column":28},"end":{"line":15,"column":1}},"4":{"start":{"line":13,"column":22},"end":{"line":13,"column":49}},"5":{"start":{"line":14,"column":2},"end":{"line":14,"column":45}}},"fnMap":{"0":{"name":"(anonymous_0)","decl":{"start":{"line":5,"column":36},"end":{"line":5,"column":37}},"loc":{"start":{"line":6,"column":2},"end":{"line":6,"column":51}},"line":6},"1":{"name":"(anonymous_1)","decl":{"start":{"line":6,"column":22},"end":{"line":6,"column":23}},"loc":{"start":{"line":6,"column":31},"end":{"line":6,"column":50}},"line":6},"2":{"name":"(anonymous_2)","decl":{"start":{"line":12,"column":28},"end":{"line":12,"column":29}},"loc":{"start":{"line":12,"column":35},"end":{"line":15,"column":1}},"line":12}},"branchMap":{},"s":{"0":1,"1":0,"2":0,"3":1,"4":0,"5":0},"f":{"0":0,"1":0,"2":0},"b":{},"_coverageSchema":"1a1c01bbd47fc00a2c39e90264f33305004495a9","hash":"81bf06c6d80951a1930b4a3a16aa367dc34e2b9d"}
,"/Users/berat.tetik/MyFiles/dev/udemy/pokemon-app/src/store/actions/pokemon.action.js": {"path":"/Users/berat.tetik/MyFiles/dev/udemy/pokemon-app/src/store/actions/pokemon.action.js","statementMap":{"0":{"start":{"line":14,"column":26},"end":{"line":16,"column":2}},"1":{"start":{"line":14,"column":33},"end":{"line":16,"column":1}},"2":{"start":{"line":18,"column":27},"end":{"line":21,"column":2}},"3":{"start":{"line":18,"column":39},"end":{"line":21,"column":1}},"4":{"start":{"line":23,"column":30},"end":{"line":26,"column":2}},"5":{"start":{"line":23,"column":42},"end":{"line":26,"column":1}},"6":{"start":{"line":28,"column":29},"end":{"line":31,"column":2}},"7":{"start":{"line":28,"column":41},"end":{"line":31,"column":1}},"8":{"start":{"line":33,"column":28},"end":{"line":35,"column":2}},"9":{"start":{"line":33,"column":35},"end":{"line":35,"column":1}},"10":{"start":{"line":37,"column":24},"end":{"line":39,"column":2}},"11":{"start":{"line":37,"column":31},"end":{"line":39,"column":1}},"12":{"start":{"line":45,"column":27},"end":{"line":57,"column":1}},"13":{"start":{"line":46,"column":2},"end":{"line":56,"column":4}},"14":{"start":{"line":47,"column":4},"end":{"line":47,"column":27}},"15":{"start":{"line":48,"column":4},"end":{"line":55,"column":9}},"16":{"start":{"line":51,"column":8},"end":{"line":51,"column":44}},"17":{"start":{"line":54,"column":8},"end":{"line":54,"column":32}},"18":{"start":{"line":62,"column":28},"end":{"line":76,"column":1}},"19":{"start":{"line":63,"column":2},"end":{"line":75,"column":4}},"20":{"start":{"line":64,"column":4},"end":{"line":64,"column":27}},"21":{"start":{"line":65,"column":4},"end":{"line":74,"column":5}},"22":{"start":{"line":66,"column":6},"end":{"line":71,"column":43}},"23":{"start":{"line":69,"column":10},"end":{"line":69,"column":73}},"24":{"start":{"line":71,"column":21},"end":{"line":71,"column":41}},"25":{"start":{"line":73,"column":6},"end":{"line":73,"column":27}}},"fnMap":{"0":{"name":"(anonymous_0)","decl":{"start":{"line":14,"column":26},"end":{"line":14,"column":27}},"loc":{"start":{"line":14,"column":33},"end":{"line":16,"column":1}},"line":14},"1":{"name":"(anonymous_1)","decl":{"start":{"line":18,"column":27},"end":{"line":18,"column":28}},"loc":{"start":{"line":18,"column":39},"end":{"line":21,"column":1}},"line":18},"2":{"name":"(anonymous_2)","decl":{"start":{"line":23,"column":30},"end":{"line":23,"column":31}},"loc":{"start":{"line":23,"column":42},"end":{"line":26,"column":1}},"line":23},"3":{"name":"(anonymous_3)","decl":{"start":{"line":28,"column":29},"end":{"line":28,"column":30}},"loc":{"start":{"line":28,"column":41},"end":{"line":31,"column":1}},"line":28},"4":{"name":"(anonymous_4)","decl":{"start":{"line":33,"column":28},"end":{"line":33,"column":29}},"loc":{"start":{"line":33,"column":35},"end":{"line":35,"column":1}},"line":33},"5":{"name":"(anonymous_5)","decl":{"start":{"line":37,"column":24},"end":{"line":37,"column":25}},"loc":{"start":{"line":37,"column":31},"end":{"line":39,"column":1}},"line":37},"6":{"name":"(anonymous_6)","decl":{"start":{"line":45,"column":27},"end":{"line":45,"column":28}},"loc":{"start":{"line":45,"column":35},"end":{"line":57,"column":1}},"line":45},"7":{"name":"(anonymous_7)","decl":{"start":{"line":46,"column":9},"end":{"line":46,"column":10}},"loc":{"start":{"line":46,"column":21},"end":{"line":56,"column":3}},"line":46},"8":{"name":"(anonymous_8)","decl":{"start":{"line":50,"column":12},"end":{"line":50,"column":13}},"loc":{"start":{"line":50,"column":26},"end":{"line":52,"column":7}},"line":50},"9":{"name":"(anonymous_9)","decl":{"start":{"line":53,"column":13},"end":{"line":53,"column":14}},"loc":{"start":{"line":53,"column":20},"end":{"line":55,"column":7}},"line":53},"10":{"name":"(anonymous_10)","decl":{"start":{"line":62,"column":28},"end":{"line":62,"column":29}},"loc":{"start":{"line":62,"column":45},"end":{"line":76,"column":1}},"line":62},"11":{"name":"(anonymous_11)","decl":{"start":{"line":63,"column":9},"end":{"line":63,"column":10}},"loc":{"start":{"line":63,"column":21},"end":{"line":75,"column":3}},"line":63},"12":{"name":"(anonymous_12)","decl":{"start":{"line":68,"column":14},"end":{"line":68,"column":15}},"loc":{"start":{"line":68,"column":28},"end":{"line":70,"column":9}},"line":68},"13":{"name":"(anonymous_13)","decl":{"start":{"line":71,"column":15},"end":{"line":71,"column":16}},"loc":{"start":{"line":71,"column":21},"end":{"line":71,"column":41}},"line":71}},"branchMap":{"0":{"loc":{"start":{"line":51,"column":8},"end":{"line":51,"column":43}},"type":"binary-expr","locations":[{"start":{"line":51,"column":8},"end":{"line":51,"column":12}},{"start":{"line":51,"column":16},"end":{"line":51,"column":43}}],"line":51},"1":{"loc":{"start":{"line":62,"column":29},"end":{"line":62,"column":40}},"type":"default-arg","locations":[{"start":{"line":62,"column":37},"end":{"line":62,"column":40}}],"line":62},"2":{"loc":{"start":{"line":65,"column":4},"end":{"line":74,"column":5}},"type":"if","locations":[{"start":{"line":65,"column":4},"end":{"line":74,"column":5}},{"start":{"line":65,"column":4},"end":{"line":74,"column":5}}],"line":65},"3":{"loc":{"start":{"line":69,"column":10},"end":{"line":69,"column":72}},"type":"binary-expr","locations":[{"start":{"line":69,"column":10},"end":{"line":69,"column":14}},{"start":{"line":69,"column":18},"end":{"line":69,"column":30}},{"start":{"line":69,"column":34},"end":{"line":69,"column":72}}],"line":69}},"s":{"0":1,"1":0,"2":1,"3":0,"4":1,"5":0,"6":1,"7":0,"8":1,"9":0,"10":1,"11":0,"12":1,"13":0,"14":0,"15":0,"16":0,"17":0,"18":1,"19":0,"20":0,"21":0,"22":0,"23":0,"24":0,"25":0},"f":{"0":0,"1":0,"2":0,"3":0,"4":0,"5":0,"6":0,"7":0,"8":0,"9":0,"10":0,"11":0,"12":0,"13":0},"b":{"0":[0,0],"1":[0],"2":[0,0],"3":[0,0,0]},"_coverageSchema":"1a1c01bbd47fc00a2c39e90264f33305004495a9","hash":"475c234b7239b6e7d47fba68409de6510efdd1fb"}
,"/Users/berat.tetik/MyFiles/dev/udemy/pokemon-app/src/store/constants/actionTypes.js": {"path":"/Users/berat.tetik/MyFiles/dev/udemy/pokemon-app/src/store/constants/actionTypes.js","statementMap":{"0":{"start":{"line":1,"column":32},"end":{"line":1,"column":57}},"1":{"start":{"line":2,"column":24},"end":{"line":2,"column":45}},"2":{"start":{"line":3,"column":21},"end":{"line":3,"column":39}},"3":{"start":{"line":4,"column":27},"end":{"line":4,"column":51}},"4":{"start":{"line":5,"column":18},"end":{"line":5,"column":33}},"5":{"start":{"line":6,"column":10},"end":{"line":6,"column":17}},"6":{"start":{"line":7,"column":12},"end":{"line":7,"column":21}}},"fnMap":{},"branchMap":{},"s":{"0":1,"1":1,"2":1,"3":1,"4":1,"5":1,"6":1},"f":{},"b":{},"_coverageSchema":"1a1c01bbd47fc00a2c39e90264f33305004495a9","hash":"ab142db7aaf8e13edca3c88d7ec97b6b1e467725"}
}
